C:\Users\Grigo\source\repos\metanit_sample\project_me\clientApp\app\app.component.js
C:\Users\Grigo\source\repos\metanit_sample\project_me\clientApp\app\app.component.js.map
C:\Users\Grigo\source\repos\metanit_sample\project_me\clientApp\app\user.js
C:\Users\Grigo\source\repos\metanit_sample\project_me\clientApp\app\user.js.map
C:\Users\Grigo\source\repos\metanit_sample\project_me\clientApp\app\create_user.service.js
C:\Users\Grigo\source\repos\metanit_sample\project_me\clientApp\app\create_user.service.js.map
C:\Users\Grigo\source\repos\metanit_sample\project_me\clientApp\app\createusers.component.js
C:\Users\Grigo\source\repos\metanit_sample\project_me\clientApp\app\createusers.component.js.map
C:\Users\Grigo\source\repos\metanit_sample\project_me\clientApp\app\get_users.service.js
C:\Users\Grigo\source\repos\metanit_sample\project_me\clientApp\app\get_users.service.js.map
C:\Users\Grigo\source\repos\metanit_sample\project_me\clientApp\app\users-page.component.js
C:\Users\Grigo\source\repos\metanit_sample\project_me\clientApp\app\users-page.component.js.map
C:\Users\Grigo\source\repos\metanit_sample\project_me\clientApp\app\city.js
C:\Users\Grigo\source\repos\metanit_sample\project_me\clientApp\app\city.js.map
C:\Users\Grigo\source\repos\metanit_sample\project_me\clientApp\app\UserId.js
C:\Users\Grigo\source\repos\metanit_sample\project_me\clientApp\app\UserId.js.map
C:\Users\Grigo\source\repos\metanit_sample\project_me\clientApp\app\cities.service.js
C:\Users\Grigo\source\repos\metanit_sample\project_me\clientApp\app\cities.service.js.map
C:\Users\Grigo\source\repos\metanit_sample\project_me\clientApp\app\availcity.component.js
C:\Users\Grigo\source\repos\metanit_sample\project_me\clientApp\app\availcity.component.js.map
C:\Users\Grigo\source\repos\metanit_sample\project_me\clientApp\app\data.service.js
C:\Users\Grigo\source\repos\metanit_sample\project_me\clientApp\app\data.service.js.map
C:\Users\Grigo\source\repos\metanit_sample\project_me\clientApp\app\ucreated.component.js
C:\Users\Grigo\source\repos\metanit_sample\project_me\clientApp\app\ucreated.component.js.map
C:\Users\Grigo\source\repos\metanit_sample\project_me\clientApp\app\unotcreated.component.js
C:\Users\Grigo\source\repos\metanit_sample\project_me\clientApp\app\unotcreated.component.js.map
C:\Users\Grigo\source\repos\metanit_sample\project_me\clientApp\app\home.component.js
C:\Users\Grigo\source\repos\metanit_sample\project_me\clientApp\app\home.component.js.map
C:\Users\Grigo\source\repos\metanit_sample\project_me\clientApp\app\not-found.component.js
C:\Users\Grigo\source\repos\metanit_sample\project_me\clientApp\app\not-found.component.js.map
C:\Users\Grigo\source\repos\metanit_sample\project_me\clientApp\app\message.directive.js
C:\Users\Grigo\source\repos\metanit_sample\project_me\clientApp\app\message.directive.js.map
C:\Users\Grigo\source\repos\metanit_sample\project_me\clientApp\app\app.module.js
C:\Users\Grigo\source\repos\metanit_sample\project_me\clientApp\app\app.module.js.map
C:\Users\Grigo\source\repos\metanit_sample\project_me\clientApp\main.js
C:\Users\Grigo\source\repos\metanit_sample\project_me\clientApp\main.js.map
C:\Users\Grigo\source\repos\metanit_sample\project_me\clientApp\polyfills.js
C:\Users\Grigo\source\repos\metanit_sample\project_me\clientApp\polyfills.js.map
C:\Users\Grigo\source\repos\metanit_sample\project_me\clientApp\app\getusers.component.js
C:\Users\Grigo\source\repos\metanit_sample\project_me\clientApp\app\getusers.component.js.map
